0 info it worked if it ends with ok
1 verbose cli [ 'C:\\Program Files\\nodejs\\node.exe',
1 verbose cli   'C:\\Users\\yaowenxi\\AppData\\Roaming\\npm\\node_modules\\npm\\bin\\npm-cli.js',
1 verbose cli   'start' ]
2 info using npm@4.1.1
3 info using node@v8.9.1
4 verbose run-script [ 'prestart', 'start', 'poststart' ]
5 info lifecycle kcx@0.0.0~prestart: kcx@0.0.0
6 silly lifecycle kcx@0.0.0~prestart: no script for prestart, continuing
7 info lifecycle kcx@0.0.0~start: kcx@0.0.0
8 verbose lifecycle kcx@0.0.0~start: unsafe-perm in lifecycle true
9 verbose lifecycle kcx@0.0.0~start: PATH: C:\Users\yaowenxi\AppData\Roaming\npm\node_modules\npm\bin\node-gyp-bin;D:\Project\kcx\node_modules\.bin;C:\ProgramData\Oracle\Java\javapath;C:\Windows\system32;C:\Windows;C:\Windows\System32\Wbem;C:\Windows\System32\WindowsPowerShell\v1.0\;D:\Software\TortoiseSVN\bin;D:\Software\Git\cmd;C:\Program Files\Java\jdk1.8.0_111\bin;C:\Program Files\Java\jdk1.8.0_111\jre\bin;D:\Software\apache-maven-3.3.9\bin;;C:\Program Files\Anaconda2;C:\Program Files\Anaconda2\Scripts;C:\Program Files\Anaconda2\Library\bin;D:\Software\mongodb\bin;C:\Program Files\consul;C:\gradle\gradle-3.5\bin;C:\Program Files\mysql-5.7.18\bin;C:\Program Files (x86)\Google\Chrome\Application\chromedriver.exe;D:\software\phantomjs-2.1.1-windows\bin;C:\Program Files\nodejs\;D:\Software\Microsoft VS Code\bin;C:\Users\yaowenxi\AppData\Local\atom\bin;C:\Users\yaowenxi\AppData\Roaming\npm
10 verbose lifecycle kcx@0.0.0~start: CWD: D:\Project\kcx
11 silly lifecycle kcx@0.0.0~start: Args: [ '/d /s /c', 'node ./bin/www' ]
12 silly lifecycle kcx@0.0.0~start: Returned: code: 3221225786  signal: null
13 info lifecycle kcx@0.0.0~start: Failed to exec start script
14 verbose stack Error: kcx@0.0.0 start: `node ./bin/www`
14 verbose stack Exit status 3221225786
14 verbose stack     at EventEmitter.<anonymous> (C:\Users\yaowenxi\AppData\Roaming\npm\node_modules\npm\lib\utils\lifecycle.js:279:16)
14 verbose stack     at emitTwo (events.js:126:13)
14 verbose stack     at EventEmitter.emit (events.js:214:7)
14 verbose stack     at ChildProcess.<anonymous> (C:\Users\yaowenxi\AppData\Roaming\npm\node_modules\npm\lib\utils\spawn.js:40:14)
14 verbose stack     at emitTwo (events.js:126:13)
14 verbose stack     at ChildProcess.emit (events.js:214:7)
14 verbose stack     at maybeClose (internal/child_process.js:925:16)
14 verbose stack     at Process.ChildProcess._handle.onexit (internal/child_process.js:209:5)
15 verbose pkgid kcx@0.0.0
16 verbose cwd D:\Project\kcx
17 error Windows_NT 6.1.7601
18 error argv "C:\\Program Files\\nodejs\\node.exe" "C:\\Users\\yaowenxi\\AppData\\Roaming\\npm\\node_modules\\npm\\bin\\npm-cli.js" "start"
19 error node v8.9.1
20 error npm  v4.1.1
21 error code ELIFECYCLE
22 error kcx@0.0.0 start: `node ./bin/www`
22 error Exit status 3221225786
23 error Failed at the kcx@0.0.0 start script 'node ./bin/www'.
23 error Make sure you have the latest version of node.js and npm installed.
23 error If you do, this is most likely a problem with the kcx package,
23 error not with npm itself.
23 error Tell the author that this fails on your system:
23 error     node ./bin/www
23 error You can get information on how to open an issue for this project with:
23 error     npm bugs kcx
23 error Or if that isn't available, you can get their info via:
23 error     npm owner ls kcx
23 error There is likely additional logging output above.
24 verbose exit [ 1, true ]
